[0m09:20:05.044981 [debug] [MainThread]: Sending event: {'category': 'dbt', 'action': 'invocation', 'label': 'start', 'context': [<snowplow_tracker.self_describing_json.SelfDescribingJson object at 0x7f8d31c71700>, <snowplow_tracker.self_describing_json.SelfDescribingJson object at 0x7f8d3462e850>, <snowplow_tracker.self_describing_json.SelfDescribingJson object at 0x7f8d3466c670>]}


============================== 09:20:05.053839 | 290fa27b-902b-450a-ac1c-b7a5bec4d7ce ==============================
[0m09:20:05.053839 [info ] [MainThread]: Running with dbt=1.7.4
[0m09:20:05.054583 [debug] [MainThread]: running dbt with arguments {'printer_width': '80', 'indirect_selection': 'eager', 'log_cache_events': 'False', 'write_json': 'True', 'partial_parse': 'True', 'cache_selected_only': 'False', 'profiles_dir': '/Users/benjamin.nolan/.dbt', 'fail_fast': 'False', 'debug': 'False', 'log_path': 'logs', 'warn_error': 'None', 'version_check': 'True', 'use_colors': 'True', 'use_experimental_parser': 'False', 'no_print': 'None', 'quiet': 'False', 'log_format': 'default', 'introspect': 'True', 'warn_error_options': 'WarnErrorOptions(include=[], exclude=[])', 'static_parser': 'True', 'target_path': 'None', 'invocation_command': 'dbt init', 'send_anonymous_usage_stats': 'True'}
[0m09:22:39.832712 [debug] [MainThread]: Starter project path: /Users/benjamin.nolan/opt/anaconda3/lib/python3.8/site-packages/dbt/include/starter_project
[0m09:22:39.854757 [info ] [MainThread]: 
Your new dbt project "dbt_redshift" was created!

For more information on how to configure the profiles.yml file,
please consult the dbt documentation here:

  https://docs.getdbt.com/docs/configure-your-profile

One more thing:

Need help? Don't hesitate to reach out to us via GitHub issues or on Slack:

  https://community.getdbt.com/

Happy modeling!

[0m09:22:39.855377 [info ] [MainThread]: Setting up your profile.
[0m10:22:36.237038 [info ] [MainThread]: Profile dbt_redshift written to /Users/benjamin.nolan/.dbt/profiles.yml using target's profile_template.yml and your supplied values. Run 'dbt debug' to validate the connection.
[0m10:22:36.261351 [debug] [MainThread]: Resource report: {"command_name": "init", "command_success": true, "command_wall_clock_time": 3751.319, "process_user_time": 3.354147, "process_kernel_time": 0.555259, "process_mem_max_rss": "140582912", "process_in_blocks": "0", "process_out_blocks": "0"}
[0m10:22:36.262298 [debug] [MainThread]: Command `dbt init` succeeded at 10:22:36.262048 after 3751.32 seconds
[0m10:22:36.263145 [debug] [MainThread]: Sending event: {'category': 'dbt', 'action': 'invocation', 'label': 'end', 'context': [<snowplow_tracker.self_describing_json.SelfDescribingJson object at 0x7f8d31c71700>, <snowplow_tracker.self_describing_json.SelfDescribingJson object at 0x7f8d34648ca0>, <snowplow_tracker.self_describing_json.SelfDescribingJson object at 0x7f8d351393d0>]}
[0m10:22:36.263840 [debug] [MainThread]: Flushing usage events
[0m10:25:17.890412 [debug] [MainThread]: Sending event: {'category': 'dbt', 'action': 'invocation', 'label': 'start', 'context': [<snowplow_tracker.self_describing_json.SelfDescribingJson object at 0x7fd83b53e700>, <snowplow_tracker.self_describing_json.SelfDescribingJson object at 0x7fd83df556a0>, <snowplow_tracker.self_describing_json.SelfDescribingJson object at 0x7fd83df9b3a0>]}


============================== 10:25:17.899026 | ea26a1c3-4eca-4847-a5e4-b9eea66b3fee ==============================
[0m10:25:17.899026 [info ] [MainThread]: Running with dbt=1.7.4
[0m10:25:17.899797 [debug] [MainThread]: running dbt with arguments {'printer_width': '80', 'indirect_selection': 'eager', 'write_json': 'True', 'log_cache_events': 'False', 'partial_parse': 'True', 'cache_selected_only': 'False', 'warn_error': 'None', 'fail_fast': 'False', 'profiles_dir': '/Users/benjamin.nolan/.dbt', 'log_path': 'logs', 'debug': 'False', 'version_check': 'True', 'use_colors': 'True', 'use_experimental_parser': 'False', 'no_print': 'None', 'quiet': 'False', 'log_format': 'default', 'static_parser': 'True', 'invocation_command': 'dbt debug --config-dir', 'introspect': 'True', 'target_path': 'None', 'warn_error_options': 'WarnErrorOptions(include=[], exclude=[])', 'send_anonymous_usage_stats': 'True'}
[0m10:25:17.900640 [info ] [MainThread]: To view your profiles.yml file, run:

open /Users/benjamin.nolan/.dbt
[0m10:25:17.902801 [debug] [MainThread]: Resource report: {"command_name": "debug", "command_success": true, "command_wall_clock_time": 0.08861229, "process_user_time": 3.118047, "process_kernel_time": 0.532235, "process_mem_max_rss": "126300160", "process_in_blocks": "0", "process_out_blocks": "0"}
[0m10:25:17.903538 [debug] [MainThread]: Command `dbt debug` succeeded at 10:25:17.903335 after 0.09 seconds
[0m10:25:17.904052 [debug] [MainThread]: Sending event: {'category': 'dbt', 'action': 'invocation', 'label': 'end', 'context': [<snowplow_tracker.self_describing_json.SelfDescribingJson object at 0x7fd83b53e700>, <snowplow_tracker.self_describing_json.SelfDescribingJson object at 0x7fd83df3a4f0>, <snowplow_tracker.self_describing_json.SelfDescribingJson object at 0x7fd83df9b3a0>]}
[0m10:25:17.904588 [debug] [MainThread]: Flushing usage events
[0m10:28:55.220798 [debug] [MainThread]: Sending event: {'category': 'dbt', 'action': 'invocation', 'label': 'start', 'context': [<snowplow_tracker.self_describing_json.SelfDescribingJson object at 0x7f7f9016d6a0>, <snowplow_tracker.self_describing_json.SelfDescribingJson object at 0x7f7f92b34fd0>, <snowplow_tracker.self_describing_json.SelfDescribingJson object at 0x7f7f92b69d60>]}


============================== 10:28:55.227943 | 0a1671ac-4eb2-4405-b87e-668aa2aad8df ==============================
[0m10:28:55.227943 [info ] [MainThread]: Running with dbt=1.7.4
[0m10:28:55.228606 [debug] [MainThread]: running dbt with arguments {'printer_width': '80', 'indirect_selection': 'eager', 'write_json': 'True', 'log_cache_events': 'False', 'partial_parse': 'True', 'cache_selected_only': 'False', 'warn_error': 'None', 'version_check': 'True', 'debug': 'False', 'log_path': 'logs', 'fail_fast': 'False', 'profiles_dir': '/Users/benjamin.nolan/.dbt', 'use_colors': 'True', 'use_experimental_parser': 'False', 'no_print': 'None', 'quiet': 'False', 'log_format': 'default', 'invocation_command': 'dbt run -s my_first_dbt_model', 'static_parser': 'True', 'warn_error_options': 'WarnErrorOptions(include=[], exclude=[])', 'target_path': 'None', 'introspect': 'True', 'send_anonymous_usage_stats': 'True'}
[0m10:28:55.229273 [error] [MainThread]: Encountered an error:
Runtime Error
  No dbt_project.yml found at expected path /Users/benjamin.nolan/PycharmProjects/dbtlearn/dbt-redshift/dbt_project.yml
  Verify that each entry within packages.yml (and their transitive dependencies) contains a file named dbt_project.yml
  
[0m10:28:55.231574 [debug] [MainThread]: Resource report: {"command_name": "run", "command_wall_clock_time": 0.08002427, "process_user_time": 3.063468, "process_kernel_time": 0.533672, "process_mem_max_rss": "126025728", "command_success": false, "process_in_blocks": "0", "process_out_blocks": "0"}
[0m10:28:55.232294 [debug] [MainThread]: Command `dbt run` failed at 10:28:55.232112 after 0.08 seconds
[0m10:28:55.232768 [debug] [MainThread]: Sending event: {'category': 'dbt', 'action': 'invocation', 'label': 'end', 'context': [<snowplow_tracker.self_describing_json.SelfDescribingJson object at 0x7f7f9016d6a0>, <snowplow_tracker.self_describing_json.SelfDescribingJson object at 0x7f7f92b34fd0>, <snowplow_tracker.self_describing_json.SelfDescribingJson object at 0x7f7f92b69d60>]}
[0m10:28:55.233240 [debug] [MainThread]: Flushing usage events
[0m15:22:03.677735 [debug] [MainThread]: Sending event: {'category': 'dbt', 'action': 'invocation', 'label': 'start', 'context': [<snowplow_tracker.self_describing_json.SelfDescribingJson object at 0x7fbc703777c0>, <snowplow_tracker.self_describing_json.SelfDescribingJson object at 0x7fbc72e1e940>, <snowplow_tracker.self_describing_json.SelfDescribingJson object at 0x7fbc72e5c220>]}


============================== 15:22:03.685145 | 496137e0-265a-40cc-a520-4456c1af6c38 ==============================
[0m15:22:03.685145 [info ] [MainThread]: Running with dbt=1.7.4
[0m15:22:03.685876 [debug] [MainThread]: running dbt with arguments {'printer_width': '80', 'indirect_selection': 'eager', 'write_json': 'True', 'log_cache_events': 'False', 'partial_parse': 'True', 'cache_selected_only': 'False', 'warn_error': 'None', 'fail_fast': 'False', 'version_check': 'True', 'log_path': 'logs', 'profiles_dir': '/Users/benjamin.nolan/.dbt', 'debug': 'False', 'use_colors': 'True', 'use_experimental_parser': 'False', 'no_print': 'None', 'quiet': 'False', 'warn_error_options': 'WarnErrorOptions(include=[], exclude=[])', 'introspect': 'True', 'static_parser': 'True', 'log_format': 'default', 'target_path': 'None', 'invocation_command': 'dbt run -s customers', 'send_anonymous_usage_stats': 'True'}
[0m15:22:03.686553 [error] [MainThread]: Encountered an error:
Runtime Error
  No dbt_project.yml found at expected path /Users/benjamin.nolan/PycharmProjects/dbtlearn/dbt_rs/dbt_project.yml
  Verify that each entry within packages.yml (and their transitive dependencies) contains a file named dbt_project.yml
  
[0m15:22:03.688577 [debug] [MainThread]: Resource report: {"command_name": "run", "command_wall_clock_time": 0.08635845, "process_user_time": 3.048954, "process_kernel_time": 0.432706, "process_mem_max_rss": "126152704", "command_success": false, "process_in_blocks": "0", "process_out_blocks": "0"}
[0m15:22:03.689285 [debug] [MainThread]: Command `dbt run` failed at 15:22:03.689097 after 0.09 seconds
[0m15:22:03.689765 [debug] [MainThread]: Sending event: {'category': 'dbt', 'action': 'invocation', 'label': 'end', 'context': [<snowplow_tracker.self_describing_json.SelfDescribingJson object at 0x7fbc703777c0>, <snowplow_tracker.self_describing_json.SelfDescribingJson object at 0x7fbc72e5ce50>, <snowplow_tracker.self_describing_json.SelfDescribingJson object at 0x7fbc72e5cf40>]}
[0m15:22:03.690245 [debug] [MainThread]: Flushing usage events
